%!Adobe-FontList 1.25
%Locale:0x410

%BeginFont
Handler:DirectoryHandler
FontType:TrueType
FontName:NBP-Informa-FiveSix
FamilyName:NBP Informa FiveSix
StyleName:Regular
FullName:NBP Informa FiveSix
MenuName:NBP Informa FiveSix
StyleBits:0
WritingScript:Roman
OutlineFileName:D:\SUPSI\4_semestre\CV429.01 Interaction design\Prove\Font\NbpInformaFivesix-2dXW.ttf
DataFormat:sfntData
hasSVG:no
hasCOLR:no
VariableFontType:NonVariableFont
FileLength:34636
FileModTime:1774541544
WeightClass:400
WidthClass:5
AngleClass:0
NameArray:0,Mac,4,NBP Informa FiveSix
NameArray:0,Win,1,NBP Informa FiveSix
%EndFont

